mode: atomic
github.com/untillpro/godif/services/errors.go:21.33,23.2 1 1
github.com/untillpro/godif/services/impl.go:25.41,29.2 3 6
github.com/untillpro/godif/services/impl.go:34.18,43.16 6 4
github.com/untillpro/godif/services/impl.go:48.2,51.12 4 1
github.com/untillpro/godif/services/impl.go:43.16,46.3 2 3
github.com/untillpro/godif/services/impl.go:57.77,60.2 2 7
github.com/untillpro/godif/services/impl.go:63.40,66.2 2 10
github.com/untillpro/godif/services/impl.go:69.16,71.2 1 8
github.com/untillpro/godif/services/impl.go:79.147,80.13 1 8
github.com/untillpro/godif/services/impl.go:83.2,85.15 3 8
github.com/untillpro/godif/services/impl.go:93.2,93.49 1 8
github.com/untillpro/godif/services/impl.go:105.2,105.13 1 5
github.com/untillpro/godif/services/impl.go:108.2,108.8 1 5
github.com/untillpro/godif/services/impl.go:80.13,82.3 1 5
github.com/untillpro/godif/services/impl.go:85.15,86.31 1 8
github.com/untillpro/godif/services/impl.go:86.31,87.15 1 1
github.com/untillpro/godif/services/impl.go:90.4,90.64 1 1
github.com/untillpro/godif/services/impl.go:87.15,89.5 1 1
github.com/untillpro/godif/services/impl.go:93.49,95.14 2 212
github.com/untillpro/godif/services/impl.go:98.3,99.17 2 212
github.com/untillpro/godif/services/impl.go:103.3,103.61 1 209
github.com/untillpro/godif/services/impl.go:95.14,97.4 1 10
github.com/untillpro/godif/services/impl.go:99.17,102.4 2 2
github.com/untillpro/godif/services/impl.go:105.13,107.3 1 2
github.com/untillpro/godif/services/impl.go:113.74,114.13 1 11
github.com/untillpro/godif/services/impl.go:117.2,117.49 1 11
github.com/untillpro/godif/services/impl.go:125.2,125.13 1 11
github.com/untillpro/godif/services/impl.go:114.13,116.3 1 7
github.com/untillpro/godif/services/impl.go:117.49,120.14 3 209
github.com/untillpro/godif/services/impl.go:123.3,123.20 1 209
github.com/untillpro/godif/services/impl.go:120.14,122.4 1 7
github.com/untillpro/godif/services/impl.go:125.13,127.3 1 7
github.com/untillpro/godif/services/impl.go:131.18,133.2 1 1
github.com/untillpro/godif/services/impl.go:136.49,138.2 1 3
github.com/untillpro/godif/services/impl.go:141.71,145.16 4 7
github.com/untillpro/godif/services/impl.go:148.2,148.27 1 6
github.com/untillpro/godif/services/impl.go:145.16,147.3 1 1
github.com/untillpro/godif/services/impl.go:152.40,155.2 2 8
github.com/untillpro/godif/services/impl.go:157.33,158.20 1 49
github.com/untillpro/godif/services/impl.go:161.2,164.23 3 47
github.com/untillpro/godif/services/impl.go:158.20,160.3 1 2
github.com/untillpro/godif/godif.go:40.13,42.2 1 1
github.com/untillpro/godif/godif.go:44.19,48.2 3 40
github.com/untillpro/godif/godif.go:50.67,52.2 1 110
github.com/untillpro/godif/godif.go:54.85,56.2 1 46
github.com/untillpro/godif/godif.go:59.14,60.29 1 39
github.com/untillpro/godif/godif.go:69.2,69.26 1 39
github.com/untillpro/godif/godif.go:78.2,81.14 4 39
github.com/untillpro/godif/godif.go:60.29,62.30 2 25
github.com/untillpro/godif/godif.go:62.30,64.18 2 23
github.com/untillpro/godif/godif.go:64.18,66.5 1 23
github.com/untillpro/godif/godif.go:69.26,71.30 2 39
github.com/untillpro/godif/godif.go:71.30,73.18 2 39
github.com/untillpro/godif/godif.go:73.18,75.5 1 39
github.com/untillpro/godif/godif.go:85.75,88.32 3 12
github.com/untillpro/godif/godif.go:88.32,89.43 1 11
github.com/untillpro/godif/godif.go:92.3,92.84 1 11
github.com/untillpro/godif/godif.go:89.43,91.4 1 7
github.com/untillpro/godif/godif.go:93.8,95.3 1 1
github.com/untillpro/godif/godif.go:99.84,102.30 3 25
github.com/untillpro/godif/godif.go:102.30,103.37 1 24
github.com/untillpro/godif/godif.go:106.3,106.82 1 24
github.com/untillpro/godif/godif.go:103.37,105.4 1 17
github.com/untillpro/godif/godif.go:107.8,109.3 1 1
github.com/untillpro/godif/godif.go:113.63,118.21 5 46
github.com/untillpro/godif/godif.go:118.21,120.3 1 44
github.com/untillpro/godif/godif.go:120.8,122.3 1 2
github.com/untillpro/godif/godif.go:126.36,129.2 2 26
github.com/untillpro/godif/godif.go:132.31,133.37 1 37
github.com/untillpro/godif/godif.go:137.2,137.40 1 11
github.com/untillpro/godif/godif.go:143.2,143.47 1 11
github.com/untillpro/godif/godif.go:179.2,179.59 1 11
github.com/untillpro/godif/godif.go:194.2,197.12 3 11
github.com/untillpro/godif/godif.go:133.37,135.3 1 26
github.com/untillpro/godif/godif.go:137.40,138.73 1 23
github.com/untillpro/godif/godif.go:138.73,140.4 1 23
github.com/untillpro/godif/godif.go:143.47,148.32 5 11
github.com/untillpro/godif/godif.go:148.32,151.35 3 11
github.com/untillpro/godif/godif.go:175.4,175.55 1 11
github.com/untillpro/godif/godif.go:151.35,154.32 3 6
github.com/untillpro/godif/godif.go:160.5,160.39 1 6
github.com/untillpro/godif/godif.go:171.5,171.29 1 6
github.com/untillpro/godif/godif.go:154.32,155.47 1 1
github.com/untillpro/godif/godif.go:155.47,158.7 2 1
github.com/untillpro/godif/godif.go:160.39,163.38 3 12
github.com/untillpro/godif/godif.go:163.38,164.55 1 6
github.com/untillpro/godif/godif.go:164.55,166.8 1 6
github.com/untillpro/godif/godif.go:167.12,169.7 1 6
github.com/untillpro/godif/godif.go:172.10,174.5 1 5
github.com/untillpro/godif/godif.go:179.59,181.52 2 5
github.com/untillpro/godif/godif.go:181.52,184.28 3 9
github.com/untillpro/godif/godif.go:184.28,185.45 1 4
github.com/untillpro/godif/godif.go:185.45,187.6 1 4
github.com/untillpro/godif/godif.go:188.10,190.5 1 5
github.com/untillpro/godif/godif.go:200.38,202.2 1 93
github.com/untillpro/godif/godif.go:204.40,207.2 2 83
github.com/untillpro/godif/godif.go:209.36,210.23 1 37
github.com/untillpro/godif/godif.go:214.2,216.30 2 36
github.com/untillpro/godif/godif.go:223.2,223.31 1 32
github.com/untillpro/godif/godif.go:255.2,255.47 1 30
github.com/untillpro/godif/godif.go:304.2,304.59 1 30
github.com/untillpro/godif/godif.go:324.2,326.42 2 30
github.com/untillpro/godif/godif.go:357.2,357.13 1 30
github.com/untillpro/godif/godif.go:210.23,212.3 1 1
github.com/untillpro/godif/godif.go:216.30,217.54 1 4
github.com/untillpro/godif/godif.go:220.3,220.14 1 4
github.com/untillpro/godif/godif.go:217.54,219.4 1 4
github.com/untillpro/godif/godif.go:223.31,227.52 2 24
github.com/untillpro/godif/godif.go:234.3,236.19 2 22
github.com/untillpro/godif/godif.go:240.3,240.21 1 22
github.com/untillpro/godif/godif.go:244.3,246.30 2 22
github.com/untillpro/godif/godif.go:227.52,229.19 2 2
github.com/untillpro/godif/godif.go:229.19,231.5 1 2
github.com/untillpro/godif/godif.go:236.19,238.4 1 3
github.com/untillpro/godif/godif.go:240.21,242.4 1 2
github.com/untillpro/godif/godif.go:246.30,249.39 3 21
github.com/untillpro/godif/godif.go:249.39,251.5 1 1
github.com/untillpro/godif/godif.go:255.47,260.29 5 17
github.com/untillpro/godif/godif.go:272.3,274.32 3 15
github.com/untillpro/godif/godif.go:260.29,261.19 1 14
github.com/untillpro/godif/godif.go:261.19,264.13 3 1
github.com/untillpro/godif/godif.go:266.9,267.19 1 3
github.com/untillpro/godif/godif.go:267.19,269.13 2 1
github.com/untillpro/godif/godif.go:274.32,275.35 1 15
github.com/untillpro/godif/godif.go:275.35,277.35 2 7
github.com/untillpro/godif/godif.go:277.35,280.27 3 13
github.com/untillpro/godif/godif.go:283.6,283.61 1 13
github.com/untillpro/godif/godif.go:280.27,282.7 1 6
github.com/untillpro/godif/godif.go:283.61,285.7 1 1
github.com/untillpro/godif/godif.go:287.10,288.19 1 8
github.com/untillpro/godif/godif.go:288.19,290.6 1 1
github.com/untillpro/godif/godif.go:290.11,292.49 2 7
github.com/untillpro/godif/godif.go:295.6,296.47 2 7
github.com/untillpro/godif/godif.go:292.49,294.7 1 1
github.com/untillpro/godif/godif.go:296.47,298.7 1 1
github.com/untillpro/godif/godif.go:304.59,308.46 4 7
github.com/untillpro/godif/godif.go:312.3,312.38 1 6
github.com/untillpro/godif/godif.go:308.46,310.12 2 1
github.com/untillpro/godif/godif.go:312.38,315.22 3 10
github.com/untillpro/godif/godif.go:318.4,318.51 1 10
github.com/untillpro/godif/godif.go:315.22,317.5 1 4
github.com/untillpro/godif/godif.go:318.51,320.5 1 1
github.com/untillpro/godif/godif.go:326.42,328.52 2 39
github.com/untillpro/godif/godif.go:332.3,336.21 4 37
github.com/untillpro/godif/godif.go:328.52,330.12 2 2
github.com/untillpro/godif/godif.go:337.21,338.67 1 14
github.com/untillpro/godif/godif.go:344.50,345.27 1 23
github.com/untillpro/godif/godif.go:351.4,351.42 1 23
github.com/untillpro/godif/godif.go:338.67,339.76 1 2
github.com/untillpro/godif/godif.go:339.76,342.6 2 1
github.com/untillpro/godif/godif.go:345.27,347.34 2 7
github.com/untillpro/godif/godif.go:347.34,349.6 1 1
github.com/untillpro/godif/godif.go:351.42,353.5 1 2
github.com/untillpro/godif/errors.go:87.58,89.31 2 2
github.com/untillpro/godif/errors.go:93.2,93.85 1 2
github.com/untillpro/godif/errors.go:89.31,91.3 1 4
github.com/untillpro/godif/errors.go:96.55,98.31 2 2
github.com/untillpro/godif/errors.go:102.2,102.119 1 2
github.com/untillpro/godif/errors.go:98.31,100.3 1 4
github.com/untillpro/godif/errors.go:105.53,106.21 1 4
github.com/untillpro/godif/errors.go:109.2,109.118 1 2
github.com/untillpro/godif/errors.go:106.21,108.3 1 2
github.com/untillpro/godif/errors.go:112.59,114.2 1 2
github.com/untillpro/godif/errors.go:116.52,118.2 1 2
github.com/untillpro/godif/errors.go:120.57,123.2 1 3
github.com/untillpro/godif/errors.go:125.55,128.2 1 1
github.com/untillpro/godif/errors.go:130.56,133.2 1 2
github.com/untillpro/godif/errors.go:135.49,138.2 1 1
github.com/untillpro/godif/errors.go:140.42,142.2 1 1
github.com/untillpro/godif/errors.go:144.42,146.31 2 1
github.com/untillpro/godif/errors.go:150.2,150.95 1 1
github.com/untillpro/godif/errors.go:146.31,148.3 1 2
github.com/untillpro/godif/errors.go:153.43,155.2 1 1
github.com/untillpro/godif/errors.go:157.53,159.2 1 4
